{"level":"info","module":"app","time":"2025-09-10T10:22:41-03:00","caller":"/home/felipe/zpmeow/internal/infra/logger/logger.go:191","message":"Test info message"}
{"level":"warn","module":"app","time":"2025-09-10T10:22:41-03:00","caller":"/home/felipe/zpmeow/internal/infra/logger/logger.go:201","message":"Test warning message"}
{"level":"error","module":"app","time":"2025-09-10T10:22:41-03:00","caller":"/home/felipe/zpmeow/internal/infra/logger/logger.go:211","message":"Test error message"}
{"level":"info","module":"app/http","time":"2025-09-10T10:22:41-03:00","caller":"/home/felipe/zpmeow/internal/infra/logger/logger.go:191","message":"HTTP request received"}
{"level":"error","module":"app/database","time":"2025-09-10T10:22:41-03:00","caller":"/home/felipe/zpmeow/internal/infra/logger/logger.go:211","message":"Database connection failed"}
{"level":"info","module":"app/http/user","time":"2025-09-10T10:22:41-03:00","caller":"/home/felipe/zpmeow/internal/infra/logger/logger.go:191","message":"User authenticated"}
{"level":"info","module":"app/whatsapp","time":"2025-09-10T10:22:41-03:00","caller":"/home/felipe/zpmeow/internal/infra/logger/logger.go:196","message":"WhatsApp client initialized"}
{"level":"warn","module":"app/whatsapp","time":"2025-09-10T10:22:41-03:00","caller":"/home/felipe/zpmeow/internal/infra/logger/logger.go:206","message":"Warning message"}
{"level":"error","module":"app/whatsapp","time":"2025-09-10T10:22:41-03:00","caller":"/home/felipe/zpmeow/internal/infra/logger/logger.go:216","message":"Error message"}
{"level":"info","module":"app/whatsapp/session","time":"2025-09-10T10:22:41-03:00","caller":"/home/felipe/zpmeow/internal/infra/logger/logger.go:196","message":"Session created"}
{"level":"info","module":"app","time":"2025-09-10T10:55:52-03:00","caller":"/home/felipe/zpmeow/internal/infra/logger/logger.go:191","message":"Test info message"}
{"level":"warn","module":"app","time":"2025-09-10T10:55:52-03:00","caller":"/home/felipe/zpmeow/internal/infra/logger/logger.go:201","message":"Test warning message"}
{"level":"error","module":"app","time":"2025-09-10T10:55:52-03:00","caller":"/home/felipe/zpmeow/internal/infra/logger/logger.go:211","message":"Test error message"}
{"level":"info","module":"app/http","time":"2025-09-10T10:55:52-03:00","caller":"/home/felipe/zpmeow/internal/infra/logger/logger.go:191","message":"HTTP request received"}
{"level":"error","module":"app/database","time":"2025-09-10T10:55:52-03:00","caller":"/home/felipe/zpmeow/internal/infra/logger/logger.go:211","message":"Database connection failed"}
{"level":"info","module":"app/http/user","time":"2025-09-10T10:55:52-03:00","caller":"/home/felipe/zpmeow/internal/infra/logger/logger.go:191","message":"User authenticated"}
{"level":"info","module":"app/whatsapp","time":"2025-09-10T10:55:52-03:00","caller":"/home/felipe/zpmeow/internal/infra/logger/logger.go:196","message":"WhatsApp client initialized"}
{"level":"warn","module":"app/whatsapp","time":"2025-09-10T10:55:52-03:00","caller":"/home/felipe/zpmeow/internal/infra/logger/logger.go:206","message":"Warning message"}
{"level":"error","module":"app/whatsapp","time":"2025-09-10T10:55:52-03:00","caller":"/home/felipe/zpmeow/internal/infra/logger/logger.go:216","message":"Error message"}
{"level":"info","module":"app/whatsapp/session","time":"2025-09-10T10:55:52-03:00","caller":"/home/felipe/zpmeow/internal/infra/logger/logger.go:196","message":"Session created"}
