{"level":"info","module":"app","time":"2025-09-09T16:51:01-03:00","caller":"/home/felipe/zpmeow/internal/infra/logger/logger.go:207","message":"Starting zpmeow server"}
{"level":"fatal","module":"app","time":"2025-09-09T16:51:01-03:00","caller":"/home/felipe/zpmeow/internal/infra/logger/logger.go:242","message":"Failed to connect to database: failed to connect to database: dial tcp [::1]:5432: connect: connection refused"}
{"level":"info","module":"app","time":"2025-09-09T16:51:24-03:00","caller":"/home/felipe/zpmeow/internal/infra/logger/logger.go:207","message":"Starting zpmeow server"}
{"level":"info","module":"app","time":"2025-09-09T16:51:25-03:00","caller":"/home/felipe/zpmeow/internal/infra/logger/logger.go:212","message":"Server listening on :8080"}
{"level":"info","module":"app/http","method":"GET","path":"/","status":404,"latency":0.000401,"client_ip":"::1","timestamp":"2025-09-09T16:57:38-03:00","module":"","time":"2025-09-09T16:57:38-03:00","caller":"/home/felipe/zpmeow/internal/infra/logger/logger.go:207","message":"HTTP Request"}
{"level":"info","module":"app/http","method":"GET","path":"/swagger/","status":404,"latency":0.223947,"client_ip":"::1","timestamp":"2025-09-09T16:57:42-03:00","module":"","time":"2025-09-09T16:57:42-03:00","caller":"/home/felipe/zpmeow/internal/infra/logger/logger.go:207","message":"HTTP Request"}
{"level":"info","module":"app/http","method":"GET","path":"/","status":404,"latency":0.00038,"client_ip":"170.78.55.204","timestamp":"2025-09-09T16:58:16-03:00","module":"","time":"2025-09-09T16:58:16-03:00","caller":"/home/felipe/zpmeow/internal/infra/logger/logger.go:207","message":"HTTP Request"}
{"level":"info","module":"app/http","method":"GET","path":"/swagger/","status":404,"latency":0.019066,"client_ip":"170.78.55.204","timestamp":"2025-09-09T16:58:23-03:00","module":"","time":"2025-09-09T16:58:23-03:00","caller":"/home/felipe/zpmeow/internal/infra/logger/logger.go:207","message":"HTTP Request"}
{"level":"info","module":"app/http","method":"GET","path":"/swagger/","status":404,"latency":0.072486,"client_ip":"170.78.55.204","timestamp":"2025-09-09T16:58:26-03:00","module":"","time":"2025-09-09T16:58:26-03:00","caller":"/home/felipe/zpmeow/internal/infra/logger/logger.go:207","message":"HTTP Request"}
{"level":"info","module":"app/http","method":"GET","path":"/swagger/index.html","status":200,"latency":1.066322,"client_ip":"::1","timestamp":"2025-09-09T16:58:38-03:00","module":"","time":"2025-09-09T16:58:38-03:00","caller":"/home/felipe/zpmeow/internal/infra/logger/logger.go:207","message":"HTTP Request"}
{"level":"info","module":"app/http","method":"GET","path":"/swagger/swagger-ui.css","status":200,"latency":0.761303,"client_ip":"::1","timestamp":"2025-09-09T16:58:39-03:00","module":"","time":"2025-09-09T16:58:39-03:00","caller":"/home/felipe/zpmeow/internal/infra/logger/logger.go:207","message":"HTTP Request"}
{"level":"info","module":"app/http","method":"GET","path":"/swagger/swagger-initializer.js","status":200,"latency":0.137967,"client_ip":"::1","timestamp":"2025-09-09T16:58:40-03:00","module":"","time":"2025-09-09T16:58:40-03:00","caller":"/home/felipe/zpmeow/internal/infra/logger/logger.go:207","message":"HTTP Request"}
{"level":"info","module":"app/http","method":"GET","path":"/swagger/index.css","status":200,"latency":0.109053,"client_ip":"::1","timestamp":"2025-09-09T16:58:40-03:00","module":"","time":"2025-09-09T16:58:40-03:00","caller":"/home/felipe/zpmeow/internal/infra/logger/logger.go:207","message":"HTTP Request"}
{"level":"info","module":"app/http","method":"GET","path":"/swagger/swagger-ui-bundle.js","status":200,"latency":2.556937,"client_ip":"::1","timestamp":"2025-09-09T16:58:40-03:00","module":"","time":"2025-09-09T16:58:40-03:00","caller":"/home/felipe/zpmeow/internal/infra/logger/logger.go:207","message":"HTTP Request"}
{"level":"info","module":"app/http","method":"GET","path":"/swagger/swagger-ui-standalone-preset.js","status":200,"latency":2.08768,"client_ip":"::1","timestamp":"2025-09-09T16:58:40-03:00","module":"","time":"2025-09-09T16:58:40-03:00","caller":"/home/felipe/zpmeow/internal/infra/logger/logger.go:207","message":"HTTP Request"}
{"level":"info","module":"app/http","method":"GET","path":"/swagger/doc.json","status":200,"latency":1.309237,"client_ip":"::1","timestamp":"2025-09-09T16:58:41-03:00","module":"","time":"2025-09-09T16:58:41-03:00","caller":"/home/felipe/zpmeow/internal/infra/logger/logger.go:207","message":"HTTP Request"}
{"level":"info","module":"app/http","method":"GET","path":"/swagger/favicon-32x32.png","status":200,"latency":0.238256,"client_ip":"::1","timestamp":"2025-09-09T16:58:41-03:00","module":"","time":"2025-09-09T16:58:41-03:00","caller":"/home/felipe/zpmeow/internal/infra/logger/logger.go:207","message":"HTTP Request"}
{"level":"info","module":"app/session-handler","time":"2025-09-09T16:58:56-03:00","caller":"/home/felipe/zpmeow/internal/infra/logger/logger.go:212","message":"Creating new session: My WhatsApp Session"}
{"level":"info","module":"app/session-handler","time":"2025-09-09T16:58:56-03:00","caller":"/home/felipe/zpmeow/internal/infra/logger/logger.go:212","message":"Session created successfully: My WhatsApp Session (ID: 80d01657-3864-44e0-978f-5dc2f2b5be66)"}
{"level":"info","module":"app/http","method":"POST","path":"/sessions/create","status":201,"latency":36.155345,"client_ip":"::1","timestamp":"2025-09-09T16:58:56-03:00","module":"","time":"2025-09-09T16:58:56-03:00","caller":"/home/felipe/zpmeow/internal/infra/logger/logger.go:207","message":"HTTP Request"}
{"level":"info","module":"app/meow-service","time":"2025-09-09T16:59:15-03:00","caller":"/home/felipe/zpmeow/internal/infra/logger/logger.go:212","message":"Starting client for session 80d01657-3864-44e0-978f-5dc2f2b5be66"}
{"level":"info","module":"app/client-manager","time":"2025-09-09T16:59:15-03:00","caller":"/home/felipe/zpmeow/internal/infra/logger/logger.go:212","message":"Created new device store for session 80d01657-3864-44e0-978f-5dc2f2b5be66"}
{"level":"info","module":"app/client-manager","time":"2025-09-09T16:59:15-03:00","caller":"/home/felipe/zpmeow/internal/infra/logger/logger.go:212","message":"Created new client for session 80d01657-3864-44e0-978f-5dc2f2b5be66"}
{"level":"info","module":"app/meow-client/80d01657-3864-44e0-978f-5dc2f2b5be66","time":"2025-09-09T16:59:15-03:00","caller":"/home/felipe/zpmeow/internal/infra/logger/logger.go:212","message":"Connecting client for session 80d01657-3864-44e0-978f-5dc2f2b5be66"}
{"level":"info","module":"app/client-manager","time":"2025-09-09T16:59:15-03:00","caller":"/home/felipe/zpmeow/internal/infra/logger/logger.go:212","message":"Client 80d01657-3864-44e0-978f-5dc2f2b5be66 status changed to connecting"}
{"level":"info","module":"app/meow-client/80d01657-3864-44e0-978f-5dc2f2b5be66","time":"2025-09-09T16:59:16-03:00","caller":"/home/felipe/zpmeow/internal/infra/logger/logger.go:212","message":"Device not registered for session 80d01657-3864-44e0-978f-5dc2f2b5be66, waiting for QR code"}
{"level":"info","module":"app/meow-service","time":"2025-09-09T16:59:16-03:00","caller":"/home/felipe/zpmeow/internal/infra/logger/logger.go:212","message":"Client started successfully for session 80d01657-3864-44e0-978f-5dc2f2b5be66"}
{"level":"info","module":"app/http","method":"POST","path":"/sessions/80d01657-3864-44e0-978f-5dc2f2b5be66/connect","status":202,"latency":477.170877,"client_ip":"::1","timestamp":"2025-09-09T16:59:16-03:00","module":"","time":"2025-09-09T16:59:16-03:00","caller":"/home/felipe/zpmeow/internal/infra/logger/logger.go:207","message":"HTTP Request"}
{"level":"info","module":"app/event-handler/80d01657-3864-44e0-978f-5dc2f2b5be66","time":"2025-09-09T16:59:16-03:00","caller":"/home/felipe/zpmeow/internal/infra/logger/logger.go:212","message":"Session 80d01657-3864-44e0-978f-5dc2f2b5be66: QR codes received (6 codes)"}
{"level":"info","module":"app/meow-client/80d01657-3864-44e0-978f-5dc2f2b5be66","time":"2025-09-09T16:59:16-03:00","caller":"/home/felipe/zpmeow/internal/infra/logger/logger.go:212","message":"QR code updated for session 80d01657-3864-44e0-978f-5dc2f2b5be66"}
{"level":"warn","module":"app/MeowService","time":"2025-09-09T17:02:46-03:00","caller":"/home/felipe/zpmeow/internal/infra/logger/logger.go:222","message":"Received stream end frame"}
{"level":"error","module":"app/MeowService/Socket","time":"2025-09-09T17:02:46-03:00","caller":"/home/felipe/zpmeow/internal/infra/logger/logger.go:232","message":"Error reading from websocket: websocket: close 1006 (abnormal closure): unexpected EOF"}
{"level":"info","module":"app/event-handler/80d01657-3864-44e0-978f-5dc2f2b5be66","time":"2025-09-09T17:02:46-03:00","caller":"/home/felipe/zpmeow/internal/infra/logger/logger.go:212","message":"Session 80d01657-3864-44e0-978f-5dc2f2b5be66: Disconnected from WhatsApp"}
{"level":"info","module":"app/meow-client/80d01657-3864-44e0-978f-5dc2f2b5be66","time":"2025-09-09T17:02:46-03:00","caller":"/home/felipe/zpmeow/internal/infra/logger/logger.go:212","message":"Client disconnected for session 80d01657-3864-44e0-978f-5dc2f2b5be66"}
{"level":"info","module":"app/client-manager","time":"2025-09-09T17:02:46-03:00","caller":"/home/felipe/zpmeow/internal/infra/logger/logger.go:212","message":"Client 80d01657-3864-44e0-978f-5dc2f2b5be66 status changed to disconnected"}
{"level":"info","module":"app","time":"2025-09-09T17:05:25-03:00","caller":"/home/felipe/zpmeow/internal/infra/logger/logger.go:207","message":"Starting zpmeow server"}
{"level":"info","module":"app","time":"2025-09-09T17:05:25-03:00","caller":"/home/felipe/zpmeow/internal/infra/logger/logger.go:212","message":"Server listening on :8080"}
{"level":"fatal","module":"app","time":"2025-09-09T17:05:25-03:00","caller":"/home/felipe/zpmeow/internal/infra/logger/logger.go:242","message":"Failed to start server: listen tcp :8080: bind: address already in use"}
{"level":"info","module":"app","time":"2025-09-09T17:05:41-03:00","caller":"/home/felipe/zpmeow/internal/infra/logger/logger.go:207","message":"Starting zpmeow server"}
{"level":"info","module":"app","time":"2025-09-09T17:05:41-03:00","caller":"/home/felipe/zpmeow/internal/infra/logger/logger.go:212","message":"Server listening on :8080"}
{"level":"fatal","module":"app","time":"2025-09-09T17:05:41-03:00","caller":"/home/felipe/zpmeow/internal/infra/logger/logger.go:242","message":"Failed to start server: listen tcp :8080: bind: address already in use"}
{"level":"info","module":"app","time":"2025-09-09T17:06:05-03:00","caller":"/home/felipe/zpmeow/internal/infra/logger/logger.go:207","message":"Starting zpmeow server"}
{"level":"info","module":"app","time":"2025-09-09T17:06:05-03:00","caller":"/home/felipe/zpmeow/internal/infra/logger/logger.go:212","message":"Server listening on :8081"}
{"level":"info","module":"app/session-handler","time":"2025-09-09T17:06:20-03:00","caller":"/home/felipe/zpmeow/internal/infra/logger/logger.go:212","message":"Creating new session: Test QR Session"}
{"level":"info","module":"app/session-handler","time":"2025-09-09T17:06:20-03:00","caller":"/home/felipe/zpmeow/internal/infra/logger/logger.go:212","message":"Session created successfully: Test QR Session (ID: f1d5e0e6-6b7e-4aa9-b60c-13534d69098d)"}
{"level":"info","module":"app/http","method":"POST","path":"/sessions/create","status":201,"latency":42.182064,"client_ip":"127.0.0.1","timestamp":"2025-09-09T17:06:20-03:00","module":"","time":"2025-09-09T17:06:20-03:00","caller":"/home/felipe/zpmeow/internal/infra/logger/logger.go:207","message":"HTTP Request"}
{"level":"info","module":"app/meow-service","time":"2025-09-09T17:06:24-03:00","caller":"/home/felipe/zpmeow/internal/infra/logger/logger.go:212","message":"Starting client for session f1d5e0e6-6b7e-4aa9-b60c-13534d69098d"}
{"level":"info","module":"app/client-manager","time":"2025-09-09T17:06:24-03:00","caller":"/home/felipe/zpmeow/internal/infra/logger/logger.go:212","message":"Created new device store for session f1d5e0e6-6b7e-4aa9-b60c-13534d69098d"}
{"level":"info","module":"app/client-manager","time":"2025-09-09T17:06:24-03:00","caller":"/home/felipe/zpmeow/internal/infra/logger/logger.go:212","message":"Created new client for session f1d5e0e6-6b7e-4aa9-b60c-13534d69098d"}
{"level":"info","module":"app/meow-client/f1d5e0e6-6b7e-4aa9-b60c-13534d69098d","time":"2025-09-09T17:06:24-03:00","caller":"/home/felipe/zpmeow/internal/infra/logger/logger.go:212","message":"Connecting client for session f1d5e0e6-6b7e-4aa9-b60c-13534d69098d"}
{"level":"info","module":"app/client-manager","time":"2025-09-09T17:06:24-03:00","caller":"/home/felipe/zpmeow/internal/infra/logger/logger.go:212","message":"Client f1d5e0e6-6b7e-4aa9-b60c-13534d69098d status changed to connecting"}
{"level":"info","module":"app/meow-client/f1d5e0e6-6b7e-4aa9-b60c-13534d69098d","time":"2025-09-09T17:06:25-03:00","caller":"/home/felipe/zpmeow/internal/infra/logger/logger.go:212","message":"Device not registered for session f1d5e0e6-6b7e-4aa9-b60c-13534d69098d, waiting for QR code"}
{"level":"info","module":"app/meow-service","time":"2025-09-09T17:06:25-03:00","caller":"/home/felipe/zpmeow/internal/infra/logger/logger.go:212","message":"Client started successfully for session f1d5e0e6-6b7e-4aa9-b60c-13534d69098d"}
{"level":"info","module":"app/http","method":"POST","path":"/sessions/f1d5e0e6-6b7e-4aa9-b60c-13534d69098d/connect","status":202,"latency":685.234558,"client_ip":"127.0.0.1","timestamp":"2025-09-09T17:06:25-03:00","module":"","time":"2025-09-09T17:06:25-03:00","caller":"/home/felipe/zpmeow/internal/infra/logger/logger.go:207","message":"HTTP Request"}
{"level":"info","module":"app/event-handler/f1d5e0e6-6b7e-4aa9-b60c-13534d69098d","time":"2025-09-09T17:06:25-03:00","caller":"/home/felipe/zpmeow/internal/infra/logger/logger.go:212","message":"Session f1d5e0e6-6b7e-4aa9-b60c-13534d69098d: QR codes received (6 codes)"}
{"level":"info","module":"app/meow-client/f1d5e0e6-6b7e-4aa9-b60c-13534d69098d","time":"2025-09-09T17:06:25-03:00","caller":"/home/felipe/zpmeow/internal/infra/logger/logger.go:212","message":"QR code updated for session f1d5e0e6-6b7e-4aa9-b60c-13534d69098d"}
{"level":"info","module":"app","time":"2025-09-09T17:07:16-03:00","caller":"/home/felipe/zpmeow/internal/infra/logger/logger.go:207","message":"Starting zpmeow server"}
{"level":"info","module":"app","time":"2025-09-09T17:07:16-03:00","caller":"/home/felipe/zpmeow/internal/infra/logger/logger.go:212","message":"Server listening on :8080"}
{"level":"info","module":"app/http","method":"POST","path":"/sessions/80d01657-3864-44e0-978f-5dc2f2b5be66/connect","status":500,"latency":13.015289,"client_ip":"::1","timestamp":"2025-09-09T17:07:25-03:00","module":"","time":"2025-09-09T17:07:25-03:00","caller":"/home/felipe/zpmeow/internal/infra/logger/logger.go:207","message":"HTTP Request"}
{"level":"info","module":"app/http","method":"GET","path":"/sessions/80d01657-3864-44e0-978f-5dc2f2b5be66/info","status":200,"latency":7.200238,"client_ip":"127.0.0.1","timestamp":"2025-09-09T17:08:08-03:00","module":"","time":"2025-09-09T17:08:08-03:00","caller":"/home/felipe/zpmeow/internal/infra/logger/logger.go:207","message":"HTTP Request"}
{"level":"info","module":"app","time":"2025-09-09T17:10:00-03:00","caller":"/home/felipe/zpmeow/internal/infra/logger/logger.go:207","message":"Starting zpmeow server"}
{"level":"info","module":"app","time":"2025-09-09T17:10:01-03:00","caller":"/home/felipe/zpmeow/internal/infra/logger/logger.go:212","message":"Server listening on :8080"}
{"level":"fatal","module":"app","time":"2025-09-09T17:10:01-03:00","caller":"/home/felipe/zpmeow/internal/infra/logger/logger.go:242","message":"Failed to start server: listen tcp :8080: bind: address already in use"}
{"level":"info","module":"app","time":"2025-09-09T17:10:17-03:00","caller":"/home/felipe/zpmeow/internal/infra/logger/logger.go:207","message":"Starting zpmeow server"}
{"level":"info","module":"app","time":"2025-09-09T17:10:17-03:00","caller":"/home/felipe/zpmeow/internal/infra/logger/logger.go:212","message":"Server listening on :8082"}
{"level":"info","module":"app/session-handler","time":"2025-09-09T17:10:28-03:00","caller":"/home/felipe/zpmeow/internal/infra/logger/logger.go:212","message":"Creating new session: Test Fixed Session"}
{"level":"info","module":"app/session-handler","time":"2025-09-09T17:10:28-03:00","caller":"/home/felipe/zpmeow/internal/infra/logger/logger.go:212","message":"Session created successfully: Test Fixed Session (ID: 87a9f641-59e0-40a9-845c-52d7a4ad4c5c)"}
{"level":"info","module":"app/http","method":"POST","path":"/sessions/create","status":201,"latency":27.644127,"client_ip":"127.0.0.1","timestamp":"2025-09-09T17:10:28-03:00","module":"","time":"2025-09-09T17:10:28-03:00","caller":"/home/felipe/zpmeow/internal/infra/logger/logger.go:207","message":"HTTP Request"}
{"level":"info","module":"app/meow-service","time":"2025-09-09T17:10:33-03:00","caller":"/home/felipe/zpmeow/internal/infra/logger/logger.go:212","message":"Starting client for session 87a9f641-59e0-40a9-845c-52d7a4ad4c5c"}
{"level":"info","module":"app/client-manager","time":"2025-09-09T17:10:33-03:00","caller":"/home/felipe/zpmeow/internal/infra/logger/logger.go:212","message":"Created new device store for session 87a9f641-59e0-40a9-845c-52d7a4ad4c5c"}
{"level":"info","module":"app/client-manager","time":"2025-09-09T17:10:33-03:00","caller":"/home/felipe/zpmeow/internal/infra/logger/logger.go:212","message":"Created new client for session 87a9f641-59e0-40a9-845c-52d7a4ad4c5c"}
{"level":"info","module":"app/meow-client/87a9f641-59e0-40a9-845c-52d7a4ad4c5c","time":"2025-09-09T17:10:33-03:00","caller":"/home/felipe/zpmeow/internal/infra/logger/logger.go:212","message":"Connecting client for session 87a9f641-59e0-40a9-845c-52d7a4ad4c5c"}
{"level":"info","module":"app/client-manager","time":"2025-09-09T17:10:33-03:00","caller":"/home/felipe/zpmeow/internal/infra/logger/logger.go:212","message":"Client 87a9f641-59e0-40a9-845c-52d7a4ad4c5c status changed to connecting"}
{"level":"info","module":"app/meow-client/87a9f641-59e0-40a9-845c-52d7a4ad4c5c","time":"2025-09-09T17:10:34-03:00","caller":"/home/felipe/zpmeow/internal/infra/logger/logger.go:212","message":"Device not registered for session 87a9f641-59e0-40a9-845c-52d7a4ad4c5c, waiting for QR code"}
{"level":"info","module":"app/meow-service","time":"2025-09-09T17:10:34-03:00","caller":"/home/felipe/zpmeow/internal/infra/logger/logger.go:212","message":"Client started successfully for session 87a9f641-59e0-40a9-845c-52d7a4ad4c5c"}
{"level":"info","module":"app/http","method":"POST","path":"/sessions/87a9f641-59e0-40a9-845c-52d7a4ad4c5c/connect","status":202,"latency":633.313537,"client_ip":"127.0.0.1","timestamp":"2025-09-09T17:10:34-03:00","module":"","time":"2025-09-09T17:10:34-03:00","caller":"/home/felipe/zpmeow/internal/infra/logger/logger.go:207","message":"HTTP Request"}
{"level":"info","module":"app/event-handler/87a9f641-59e0-40a9-845c-52d7a4ad4c5c","time":"2025-09-09T17:10:34-03:00","caller":"/home/felipe/zpmeow/internal/infra/logger/logger.go:212","message":"Session 87a9f641-59e0-40a9-845c-52d7a4ad4c5c: QR codes received (6 codes)"}
{"level":"info","module":"app/meow-client/87a9f641-59e0-40a9-845c-52d7a4ad4c5c","time":"2025-09-09T17:10:34-03:00","caller":"/home/felipe/zpmeow/internal/infra/logger/logger.go:212","message":"QR code updated for session 87a9f641-59e0-40a9-845c-52d7a4ad4c5c"}
{"level":"info","module":"app","time":"2025-09-09T17:11:56-03:00","caller":"/home/felipe/zpmeow/internal/infra/logger/logger.go:207","message":"Starting zpmeow server"}
{"level":"info","module":"app","time":"2025-09-09T17:11:56-03:00","caller":"/home/felipe/zpmeow/internal/infra/logger/logger.go:212","message":"Server listening on :8080"}
{"level":"info","module":"app/meow-service","time":"2025-09-09T17:12:30-03:00","caller":"/home/felipe/zpmeow/internal/infra/logger/logger.go:212","message":"Starting client for session 80d01657-3864-44e0-978f-5dc2f2b5be66"}
{"level":"info","module":"app/client-manager","time":"2025-09-09T17:12:30-03:00","caller":"/home/felipe/zpmeow/internal/infra/logger/logger.go:212","message":"Created new device store for session 80d01657-3864-44e0-978f-5dc2f2b5be66"}
{"level":"info","module":"app/client-manager","time":"2025-09-09T17:12:30-03:00","caller":"/home/felipe/zpmeow/internal/infra/logger/logger.go:212","message":"Created new client for session 80d01657-3864-44e0-978f-5dc2f2b5be66"}
{"level":"info","module":"app/meow-client/80d01657-3864-44e0-978f-5dc2f2b5be66","time":"2025-09-09T17:12:30-03:00","caller":"/home/felipe/zpmeow/internal/infra/logger/logger.go:212","message":"Connecting client for session 80d01657-3864-44e0-978f-5dc2f2b5be66"}
{"level":"info","module":"app/client-manager","time":"2025-09-09T17:12:30-03:00","caller":"/home/felipe/zpmeow/internal/infra/logger/logger.go:212","message":"Client 80d01657-3864-44e0-978f-5dc2f2b5be66 status changed to connecting"}
{"level":"info","module":"app/meow-client/80d01657-3864-44e0-978f-5dc2f2b5be66","time":"2025-09-09T17:12:31-03:00","caller":"/home/felipe/zpmeow/internal/infra/logger/logger.go:212","message":"Device not registered for session 80d01657-3864-44e0-978f-5dc2f2b5be66, waiting for QR code"}
{"level":"info","module":"app/meow-service","time":"2025-09-09T17:12:31-03:00","caller":"/home/felipe/zpmeow/internal/infra/logger/logger.go:212","message":"Client started successfully for session 80d01657-3864-44e0-978f-5dc2f2b5be66"}
{"level":"info","module":"app/http","method":"POST","path":"/sessions/80d01657-3864-44e0-978f-5dc2f2b5be66/connect","status":202,"latency":333.081451,"client_ip":"::1","timestamp":"2025-09-09T17:12:31-03:00","module":"","time":"2025-09-09T17:12:31-03:00","caller":"/home/felipe/zpmeow/internal/infra/logger/logger.go:207","message":"HTTP Request"}
{"level":"info","module":"app/event-handler/80d01657-3864-44e0-978f-5dc2f2b5be66","time":"2025-09-09T17:12:31-03:00","caller":"/home/felipe/zpmeow/internal/infra/logger/logger.go:212","message":"Session 80d01657-3864-44e0-978f-5dc2f2b5be66: QR codes received (6 codes)"}
{"level":"info","module":"app/meow-client/80d01657-3864-44e0-978f-5dc2f2b5be66","time":"2025-09-09T17:12:31-03:00","caller":"/home/felipe/zpmeow/internal/infra/logger/logger.go:212","message":"QR code updated for session 80d01657-3864-44e0-978f-5dc2f2b5be66"}
{"level":"warn","module":"app/MeowService","time":"2025-09-09T17:14:04-03:00","caller":"/home/felipe/zpmeow/internal/infra/logger/logger.go:222","message":"Received stream end frame"}
{"level":"error","module":"app/MeowService/Socket","time":"2025-09-09T17:14:04-03:00","caller":"/home/felipe/zpmeow/internal/infra/logger/logger.go:232","message":"Error reading from websocket: websocket: close 1006 (abnormal closure): unexpected EOF"}
{"level":"info","module":"app/event-handler/87a9f641-59e0-40a9-845c-52d7a4ad4c5c","time":"2025-09-09T17:14:04-03:00","caller":"/home/felipe/zpmeow/internal/infra/logger/logger.go:212","message":"Session 87a9f641-59e0-40a9-845c-52d7a4ad4c5c: Disconnected from WhatsApp"}
{"level":"info","module":"app/meow-client/87a9f641-59e0-40a9-845c-52d7a4ad4c5c","time":"2025-09-09T17:14:04-03:00","caller":"/home/felipe/zpmeow/internal/infra/logger/logger.go:212","message":"Client disconnected for session 87a9f641-59e0-40a9-845c-52d7a4ad4c5c"}
{"level":"info","module":"app/client-manager","time":"2025-09-09T17:14:04-03:00","caller":"/home/felipe/zpmeow/internal/infra/logger/logger.go:212","message":"Client 87a9f641-59e0-40a9-845c-52d7a4ad4c5c status changed to disconnected"}
{"level":"warn","module":"app/MeowService","time":"2025-09-09T17:16:01-03:00","caller":"/home/felipe/zpmeow/internal/infra/logger/logger.go:222","message":"Received stream end frame"}
{"level":"error","module":"app/MeowService/Socket","time":"2025-09-09T17:16:01-03:00","caller":"/home/felipe/zpmeow/internal/infra/logger/logger.go:232","message":"Error reading from websocket: websocket: close 1006 (abnormal closure): unexpected EOF"}
{"level":"info","module":"app/event-handler/80d01657-3864-44e0-978f-5dc2f2b5be66","time":"2025-09-09T17:16:01-03:00","caller":"/home/felipe/zpmeow/internal/infra/logger/logger.go:212","message":"Session 80d01657-3864-44e0-978f-5dc2f2b5be66: Disconnected from WhatsApp"}
{"level":"info","module":"app/meow-client/80d01657-3864-44e0-978f-5dc2f2b5be66","time":"2025-09-09T17:16:01-03:00","caller":"/home/felipe/zpmeow/internal/infra/logger/logger.go:212","message":"Client disconnected for session 80d01657-3864-44e0-978f-5dc2f2b5be66"}
{"level":"info","module":"app/client-manager","time":"2025-09-09T17:16:01-03:00","caller":"/home/felipe/zpmeow/internal/infra/logger/logger.go:212","message":"Client 80d01657-3864-44e0-978f-5dc2f2b5be66 status changed to disconnected"}
{"level":"info","module":"app","time":"2025-09-09T17:20:37-03:00","caller":"/home/felipe/zpmeow/internal/infra/logger/logger.go:207","message":"Starting zpmeow server"}
{"level":"info","module":"app","time":"2025-09-09T17:20:37-03:00","caller":"/home/felipe/zpmeow/internal/infra/logger/logger.go:212","message":"Server listening on :8080"}
{"level":"info","module":"app/meow-service","time":"2025-09-09T17:20:42-03:00","caller":"/home/felipe/zpmeow/internal/infra/logger/logger.go:212","message":"Starting client for session 80d01657-3864-44e0-978f-5dc2f2b5be66"}
{"level":"info","module":"app/client-manager","time":"2025-09-09T17:20:42-03:00","caller":"/home/felipe/zpmeow/internal/infra/logger/logger.go:212","message":"Created new device store for session 80d01657-3864-44e0-978f-5dc2f2b5be66"}
{"level":"info","module":"app/client-manager","time":"2025-09-09T17:20:42-03:00","caller":"/home/felipe/zpmeow/internal/infra/logger/logger.go:212","message":"Created new client for session 80d01657-3864-44e0-978f-5dc2f2b5be66"}
{"level":"info","module":"app/meow-client/80d01657-3864-44e0-978f-5dc2f2b5be66","time":"2025-09-09T17:20:42-03:00","caller":"/home/felipe/zpmeow/internal/infra/logger/logger.go:212","message":"Connecting client for session 80d01657-3864-44e0-978f-5dc2f2b5be66"}
{"level":"info","module":"app/meow-service","time":"2025-09-09T17:20:42-03:00","caller":"/home/felipe/zpmeow/internal/infra/logger/logger.go:212","message":"Client started successfully for session 80d01657-3864-44e0-978f-5dc2f2b5be66"}
{"level":"info","module":"app/http","method":"POST","path":"/sessions/80d01657-3864-44e0-978f-5dc2f2b5be66/connect","status":202,"latency":39.701806,"client_ip":"::1","timestamp":"2025-09-09T17:20:42-03:00","module":"","time":"2025-09-09T17:20:42-03:00","caller":"/home/felipe/zpmeow/internal/infra/logger/logger.go:207","message":"HTTP Request"}
{"level":"info","module":"app/client-manager","time":"2025-09-09T17:20:42-03:00","caller":"/home/felipe/zpmeow/internal/infra/logger/logger.go:212","message":"Client 80d01657-3864-44e0-978f-5dc2f2b5be66 status changed to connecting"}
{"level":"info","module":"app/meow-client/80d01657-3864-44e0-978f-5dc2f2b5be66","time":"2025-09-09T17:20:42-03:00","caller":"/home/felipe/zpmeow/internal/infra/logger/logger.go:212","message":"Starting client loop for session 80d01657-3864-44e0-978f-5dc2f2b5be66"}
{"level":"info","module":"app/meow-client/80d01657-3864-44e0-978f-5dc2f2b5be66","time":"2025-09-09T17:20:43-03:00","caller":"/home/felipe/zpmeow/internal/infra/logger/logger.go:212","message":"Device not registered for session 80d01657-3864-44e0-978f-5dc2f2b5be66, waiting for QR code"}
{"level":"error","module":"app/meow-client/80d01657-3864-44e0-978f-5dc2f2b5be66","time":"2025-09-09T17:20:43-03:00","caller":"/home/felipe/zpmeow/internal/infra/logger/logger.go:232","message":"Failed to get QR channel for session 80d01657-3864-44e0-978f-5dc2f2b5be66: GetQRChannel must be called before connecting"}
{"level":"info","module":"app/event-handler/80d01657-3864-44e0-978f-5dc2f2b5be66","time":"2025-09-09T17:20:43-03:00","caller":"/home/felipe/zpmeow/internal/infra/logger/logger.go:212","message":"Session 80d01657-3864-44e0-978f-5dc2f2b5be66: QR codes received (6 codes)"}
{"level":"info","module":"app/meow-client/80d01657-3864-44e0-978f-5dc2f2b5be66","time":"2025-09-09T17:20:43-03:00","caller":"/home/felipe/zpmeow/internal/infra/logger/logger.go:212","message":"QR code updated for session 80d01657-3864-44e0-978f-5dc2f2b5be66"}
{"level":"info","module":"app","time":"2025-09-09T17:20:43-03:00","caller":"/home/felipe/zpmeow/internal/infra/logger/logger.go:207","message":"Starting zpmeow server"}
{"level":"info","module":"app","time":"2025-09-09T17:20:44-03:00","caller":"/home/felipe/zpmeow/internal/infra/logger/logger.go:212","message":"Server listening on :8080"}
{"level":"fatal","module":"app","time":"2025-09-09T17:20:44-03:00","caller":"/home/felipe/zpmeow/internal/infra/logger/logger.go:242","message":"Failed to start server: listen tcp :8080: bind: address already in use"}
{"level":"info","module":"app/session-handler","time":"2025-09-09T17:20:47-03:00","caller":"/home/felipe/zpmeow/internal/infra/logger/logger.go:212","message":"Creating new session: Test Auto Reconnect"}
{"level":"info","module":"app/session-handler","time":"2025-09-09T17:20:47-03:00","caller":"/home/felipe/zpmeow/internal/infra/logger/logger.go:212","message":"Session created successfully: Test Auto Reconnect (ID: 1990250e-a611-4b4d-a0af-9aa29033cd8a)"}
{"level":"info","module":"app/http","method":"POST","path":"/sessions/create","status":201,"latency":5.319466,"client_ip":"127.0.0.1","timestamp":"2025-09-09T17:20:47-03:00","module":"","time":"2025-09-09T17:20:47-03:00","caller":"/home/felipe/zpmeow/internal/infra/logger/logger.go:207","message":"HTTP Request"}
{"level":"info","module":"app/meow-service","time":"2025-09-09T17:20:52-03:00","caller":"/home/felipe/zpmeow/internal/infra/logger/logger.go:212","message":"Starting client for session 1990250e-a611-4b4d-a0af-9aa29033cd8a"}
{"level":"info","module":"app/client-manager","time":"2025-09-09T17:20:52-03:00","caller":"/home/felipe/zpmeow/internal/infra/logger/logger.go:212","message":"Created new device store for session 1990250e-a611-4b4d-a0af-9aa29033cd8a"}
{"level":"info","module":"app/client-manager","time":"2025-09-09T17:20:52-03:00","caller":"/home/felipe/zpmeow/internal/infra/logger/logger.go:212","message":"Created new client for session 1990250e-a611-4b4d-a0af-9aa29033cd8a"}
{"level":"info","module":"app/meow-client/1990250e-a611-4b4d-a0af-9aa29033cd8a","time":"2025-09-09T17:20:52-03:00","caller":"/home/felipe/zpmeow/internal/infra/logger/logger.go:212","message":"Connecting client for session 1990250e-a611-4b4d-a0af-9aa29033cd8a"}
{"level":"info","module":"app/client-manager","time":"2025-09-09T17:20:52-03:00","caller":"/home/felipe/zpmeow/internal/infra/logger/logger.go:212","message":"Client 1990250e-a611-4b4d-a0af-9aa29033cd8a status changed to connecting"}
{"level":"info","module":"app/meow-service","time":"2025-09-09T17:20:52-03:00","caller":"/home/felipe/zpmeow/internal/infra/logger/logger.go:212","message":"Client started successfully for session 1990250e-a611-4b4d-a0af-9aa29033cd8a"}
{"level":"info","module":"app/meow-client/1990250e-a611-4b4d-a0af-9aa29033cd8a","time":"2025-09-09T17:20:52-03:00","caller":"/home/felipe/zpmeow/internal/infra/logger/logger.go:212","message":"Starting client loop for session 1990250e-a611-4b4d-a0af-9aa29033cd8a"}
{"level":"info","module":"app/http","method":"POST","path":"/sessions/1990250e-a611-4b4d-a0af-9aa29033cd8a/connect","status":202,"latency":9.756856,"client_ip":"127.0.0.1","timestamp":"2025-09-09T17:20:52-03:00","module":"","time":"2025-09-09T17:20:52-03:00","caller":"/home/felipe/zpmeow/internal/infra/logger/logger.go:207","message":"HTTP Request"}
{"level":"info","module":"app/meow-client/1990250e-a611-4b4d-a0af-9aa29033cd8a","time":"2025-09-09T17:20:52-03:00","caller":"/home/felipe/zpmeow/internal/infra/logger/logger.go:212","message":"Device not registered for session 1990250e-a611-4b4d-a0af-9aa29033cd8a, waiting for QR code"}
{"level":"error","module":"app/meow-client/1990250e-a611-4b4d-a0af-9aa29033cd8a","time":"2025-09-09T17:20:52-03:00","caller":"/home/felipe/zpmeow/internal/infra/logger/logger.go:232","message":"Failed to get QR channel for session 1990250e-a611-4b4d-a0af-9aa29033cd8a: GetQRChannel must be called before connecting"}
{"level":"info","module":"app/event-handler/1990250e-a611-4b4d-a0af-9aa29033cd8a","time":"2025-09-09T17:20:52-03:00","caller":"/home/felipe/zpmeow/internal/infra/logger/logger.go:212","message":"Session 1990250e-a611-4b4d-a0af-9aa29033cd8a: QR codes received (6 codes)"}
{"level":"info","module":"app/meow-client/1990250e-a611-4b4d-a0af-9aa29033cd8a","time":"2025-09-09T17:20:52-03:00","caller":"/home/felipe/zpmeow/internal/infra/logger/logger.go:212","message":"QR code updated for session 1990250e-a611-4b4d-a0af-9aa29033cd8a"}
{"level":"info","module":"app","time":"2025-09-09T17:20:55-03:00","caller":"/home/felipe/zpmeow/internal/infra/logger/logger.go:207","message":"Starting zpmeow server"}
{"level":"info","module":"app","time":"2025-09-09T17:20:56-03:00","caller":"/home/felipe/zpmeow/internal/infra/logger/logger.go:212","message":"Server listening on :8080"}
{"level":"fatal","module":"app","time":"2025-09-09T17:20:56-03:00","caller":"/home/felipe/zpmeow/internal/infra/logger/logger.go:242","message":"Failed to start server: listen tcp :8080: bind: address already in use"}
{"level":"info","module":"app","time":"2025-09-09T17:21:40-03:00","caller":"/home/felipe/zpmeow/internal/infra/logger/logger.go:207","message":"Starting zpmeow server"}
{"level":"info","module":"app","time":"2025-09-09T17:21:40-03:00","caller":"/home/felipe/zpmeow/internal/infra/logger/logger.go:212","message":"Server listening on :8080"}
{"level":"info","module":"app/session-handler","time":"2025-09-09T17:21:51-03:00","caller":"/home/felipe/zpmeow/internal/infra/logger/logger.go:212","message":"Creating new session: Test Final Reconnect"}
{"level":"info","module":"app/session-handler","time":"2025-09-09T17:21:51-03:00","caller":"/home/felipe/zpmeow/internal/infra/logger/logger.go:212","message":"Session created successfully: Test Final Reconnect (ID: c6ef301a-279a-4482-876a-b16a68111730)"}
{"level":"info","module":"app/http","method":"POST","path":"/sessions/create","status":201,"latency":26.145853,"client_ip":"127.0.0.1","timestamp":"2025-09-09T17:21:51-03:00","module":"","time":"2025-09-09T17:21:51-03:00","caller":"/home/felipe/zpmeow/internal/infra/logger/logger.go:207","message":"HTTP Request"}
{"level":"info","module":"app","time":"2025-09-09T17:21:55-03:00","caller":"/home/felipe/zpmeow/internal/infra/logger/logger.go:207","message":"Starting zpmeow server"}
{"level":"info","module":"app","time":"2025-09-09T17:21:55-03:00","caller":"/home/felipe/zpmeow/internal/infra/logger/logger.go:212","message":"Server listening on :8080"}
{"level":"fatal","module":"app","time":"2025-09-09T17:21:55-03:00","caller":"/home/felipe/zpmeow/internal/infra/logger/logger.go:242","message":"Failed to start server: listen tcp :8080: bind: address already in use"}
{"level":"info","module":"app/meow-service","time":"2025-09-09T17:21:56-03:00","caller":"/home/felipe/zpmeow/internal/infra/logger/logger.go:212","message":"Starting client for session c6ef301a-279a-4482-876a-b16a68111730"}
{"level":"info","module":"app/client-manager","time":"2025-09-09T17:21:56-03:00","caller":"/home/felipe/zpmeow/internal/infra/logger/logger.go:212","message":"Created new device store for session c6ef301a-279a-4482-876a-b16a68111730"}
{"level":"info","module":"app/client-manager","time":"2025-09-09T17:21:56-03:00","caller":"/home/felipe/zpmeow/internal/infra/logger/logger.go:212","message":"Created new client for session c6ef301a-279a-4482-876a-b16a68111730"}
{"level":"info","module":"app/meow-client/c6ef301a-279a-4482-876a-b16a68111730","time":"2025-09-09T17:21:56-03:00","caller":"/home/felipe/zpmeow/internal/infra/logger/logger.go:212","message":"Connecting client for session c6ef301a-279a-4482-876a-b16a68111730"}
{"level":"info","module":"app/meow-service","time":"2025-09-09T17:21:56-03:00","caller":"/home/felipe/zpmeow/internal/infra/logger/logger.go:212","message":"Client started successfully for session c6ef301a-279a-4482-876a-b16a68111730"}
{"level":"info","module":"app/http","method":"POST","path":"/sessions/c6ef301a-279a-4482-876a-b16a68111730/connect","status":202,"latency":26.761493,"client_ip":"127.0.0.1","timestamp":"2025-09-09T17:21:56-03:00","module":"","time":"2025-09-09T17:21:56-03:00","caller":"/home/felipe/zpmeow/internal/infra/logger/logger.go:207","message":"HTTP Request"}
{"level":"info","module":"app/client-manager","time":"2025-09-09T17:21:56-03:00","caller":"/home/felipe/zpmeow/internal/infra/logger/logger.go:212","message":"Client c6ef301a-279a-4482-876a-b16a68111730 status changed to connecting"}
{"level":"info","module":"app/meow-client/c6ef301a-279a-4482-876a-b16a68111730","time":"2025-09-09T17:21:56-03:00","caller":"/home/felipe/zpmeow/internal/infra/logger/logger.go:212","message":"Starting client loop for session c6ef301a-279a-4482-876a-b16a68111730"}
{"level":"info","module":"app/meow-client/c6ef301a-279a-4482-876a-b16a68111730","time":"2025-09-09T17:21:56-03:00","caller":"/home/felipe/zpmeow/internal/infra/logger/logger.go:212","message":"Device not registered for session c6ef301a-279a-4482-876a-b16a68111730, waiting for QR code"}
{"level":"info","module":"app/event-handler/c6ef301a-279a-4482-876a-b16a68111730","time":"2025-09-09T17:21:56-03:00","caller":"/home/felipe/zpmeow/internal/infra/logger/logger.go:212","message":"Session c6ef301a-279a-4482-876a-b16a68111730: QR codes received (6 codes)"}
{"level":"info","module":"app/meow-client/c6ef301a-279a-4482-876a-b16a68111730","time":"2025-09-09T17:21:56-03:00","caller":"/home/felipe/zpmeow/internal/infra/logger/logger.go:212","message":"QR code updated for session c6ef301a-279a-4482-876a-b16a68111730"}
{"level":"info","module":"app/meow-client/c6ef301a-279a-4482-876a-b16a68111730","time":"2025-09-09T17:21:56-03:00","caller":"/home/felipe/zpmeow/internal/infra/logger/logger.go:212","message":"QR code received for session c6ef301a-279a-4482-876a-b16a68111730"}
{"level":"info","module":"app/meow-client/c6ef301a-279a-4482-876a-b16a68111730","time":"2025-09-09T17:21:56-03:00","caller":"/home/felipe/zpmeow/internal/infra/logger/logger.go:212","message":"QR code updated for session c6ef301a-279a-4482-876a-b16a68111730"}
{"level":"info","module":"app","time":"2025-09-09T17:22:31-03:00","caller":"/home/felipe/zpmeow/internal/infra/logger/logger.go:207","message":"Starting zpmeow server"}
{"level":"info","module":"app","time":"2025-09-09T17:22:31-03:00","caller":"/home/felipe/zpmeow/internal/infra/logger/logger.go:212","message":"Server listening on :8080"}
{"level":"fatal","module":"app","time":"2025-09-09T17:22:31-03:00","caller":"/home/felipe/zpmeow/internal/infra/logger/logger.go:242","message":"Failed to start server: listen tcp :8080: bind: address already in use"}
{"level":"info","module":"app","time":"2025-09-09T17:23:16-03:00","caller":"/home/felipe/zpmeow/internal/infra/logger/logger.go:207","message":"Starting zpmeow server"}
{"level":"info","module":"app","time":"2025-09-09T17:23:16-03:00","caller":"/home/felipe/zpmeow/internal/infra/logger/logger.go:212","message":"Server listening on :8080"}
{"level":"info","module":"app/meow-service","time":"2025-09-09T17:23:22-03:00","caller":"/home/felipe/zpmeow/internal/infra/logger/logger.go:212","message":"Starting client for session 80d01657-3864-44e0-978f-5dc2f2b5be66"}
{"level":"info","module":"app/client-manager","time":"2025-09-09T17:23:22-03:00","caller":"/home/felipe/zpmeow/internal/infra/logger/logger.go:212","message":"Created new device store for session 80d01657-3864-44e0-978f-5dc2f2b5be66"}
{"level":"info","module":"app/client-manager","time":"2025-09-09T17:23:22-03:00","caller":"/home/felipe/zpmeow/internal/infra/logger/logger.go:212","message":"Created new client for session 80d01657-3864-44e0-978f-5dc2f2b5be66"}
{"level":"info","module":"app/meow-client/80d01657-3864-44e0-978f-5dc2f2b5be66","time":"2025-09-09T17:23:22-03:00","caller":"/home/felipe/zpmeow/internal/infra/logger/logger.go:212","message":"Connecting client for session 80d01657-3864-44e0-978f-5dc2f2b5be66"}
{"level":"info","module":"app/meow-service","time":"2025-09-09T17:23:22-03:00","caller":"/home/felipe/zpmeow/internal/infra/logger/logger.go:212","message":"Client started successfully for session 80d01657-3864-44e0-978f-5dc2f2b5be66"}
{"level":"info","module":"app/http","method":"POST","path":"/sessions/80d01657-3864-44e0-978f-5dc2f2b5be66/connect","status":202,"latency":24.456928,"client_ip":"::1","timestamp":"2025-09-09T17:23:22-03:00","module":"","time":"2025-09-09T17:23:22-03:00","caller":"/home/felipe/zpmeow/internal/infra/logger/logger.go:207","message":"HTTP Request"}
{"level":"info","module":"app/meow-client/80d01657-3864-44e0-978f-5dc2f2b5be66","time":"2025-09-09T17:23:22-03:00","caller":"/home/felipe/zpmeow/internal/infra/logger/logger.go:212","message":"Starting client loop for session 80d01657-3864-44e0-978f-5dc2f2b5be66"}
{"level":"info","module":"app/meow-client/80d01657-3864-44e0-978f-5dc2f2b5be66","time":"2025-09-09T17:23:22-03:00","caller":"/home/felipe/zpmeow/internal/infra/logger/logger.go:212","message":"Device not registered for session 80d01657-3864-44e0-978f-5dc2f2b5be66, waiting for QR code"}
{"level":"info","module":"app/client-manager","time":"2025-09-09T17:23:22-03:00","caller":"/home/felipe/zpmeow/internal/infra/logger/logger.go:212","message":"Client 80d01657-3864-44e0-978f-5dc2f2b5be66 status changed to connecting"}
{"level":"info","module":"app/event-handler/80d01657-3864-44e0-978f-5dc2f2b5be66","time":"2025-09-09T17:23:22-03:00","caller":"/home/felipe/zpmeow/internal/infra/logger/logger.go:212","message":"Session 80d01657-3864-44e0-978f-5dc2f2b5be66: QR codes received (6 codes)"}
{"level":"info","module":"app/meow-client/80d01657-3864-44e0-978f-5dc2f2b5be66","time":"2025-09-09T17:23:22-03:00","caller":"/home/felipe/zpmeow/internal/infra/logger/logger.go:212","message":"QR code updated for session 80d01657-3864-44e0-978f-5dc2f2b5be66"}
{"level":"info","module":"app/meow-client/80d01657-3864-44e0-978f-5dc2f2b5be66","time":"2025-09-09T17:23:22-03:00","caller":"/home/felipe/zpmeow/internal/infra/logger/logger.go:212","message":"QR code received for session 80d01657-3864-44e0-978f-5dc2f2b5be66"}
{"level":"info","module":"app/meow-client/80d01657-3864-44e0-978f-5dc2f2b5be66","time":"2025-09-09T17:23:22-03:00","caller":"/home/felipe/zpmeow/internal/infra/logger/logger.go:212","message":"QR code updated for session 80d01657-3864-44e0-978f-5dc2f2b5be66"}
{"level":"info","module":"app/meow-client/80d01657-3864-44e0-978f-5dc2f2b5be66","time":"2025-09-09T17:24:22-03:00","caller":"/home/felipe/zpmeow/internal/infra/logger/logger.go:212","message":"QR code received for session 80d01657-3864-44e0-978f-5dc2f2b5be66"}
{"level":"info","module":"app/meow-client/80d01657-3864-44e0-978f-5dc2f2b5be66","time":"2025-09-09T17:24:22-03:00","caller":"/home/felipe/zpmeow/internal/infra/logger/logger.go:212","message":"QR code updated for session 80d01657-3864-44e0-978f-5dc2f2b5be66"}
{"level":"info","module":"app/meow-client/80d01657-3864-44e0-978f-5dc2f2b5be66","time":"2025-09-09T17:24:42-03:00","caller":"/home/felipe/zpmeow/internal/infra/logger/logger.go:212","message":"QR code received for session 80d01657-3864-44e0-978f-5dc2f2b5be66"}
{"level":"info","module":"app/meow-client/80d01657-3864-44e0-978f-5dc2f2b5be66","time":"2025-09-09T17:24:42-03:00","caller":"/home/felipe/zpmeow/internal/infra/logger/logger.go:212","message":"QR code updated for session 80d01657-3864-44e0-978f-5dc2f2b5be66"}
{"level":"info","module":"app/meow-client/80d01657-3864-44e0-978f-5dc2f2b5be66","time":"2025-09-09T17:25:02-03:00","caller":"/home/felipe/zpmeow/internal/infra/logger/logger.go:212","message":"QR code received for session 80d01657-3864-44e0-978f-5dc2f2b5be66"}
{"level":"info","module":"app/meow-client/80d01657-3864-44e0-978f-5dc2f2b5be66","time":"2025-09-09T17:25:02-03:00","caller":"/home/felipe/zpmeow/internal/infra/logger/logger.go:212","message":"QR code updated for session 80d01657-3864-44e0-978f-5dc2f2b5be66"}
{"level":"info","module":"app/meow-client/80d01657-3864-44e0-978f-5dc2f2b5be66","time":"2025-09-09T17:25:22-03:00","caller":"/home/felipe/zpmeow/internal/infra/logger/logger.go:212","message":"QR code received for session 80d01657-3864-44e0-978f-5dc2f2b5be66"}
{"level":"info","module":"app/meow-client/80d01657-3864-44e0-978f-5dc2f2b5be66","time":"2025-09-09T17:25:22-03:00","caller":"/home/felipe/zpmeow/internal/infra/logger/logger.go:212","message":"QR code updated for session 80d01657-3864-44e0-978f-5dc2f2b5be66"}
{"level":"info","module":"app/meow-client/80d01657-3864-44e0-978f-5dc2f2b5be66","time":"2025-09-09T17:25:42-03:00","caller":"/home/felipe/zpmeow/internal/infra/logger/logger.go:212","message":"QR code received for session 80d01657-3864-44e0-978f-5dc2f2b5be66"}
{"level":"info","module":"app/meow-client/80d01657-3864-44e0-978f-5dc2f2b5be66","time":"2025-09-09T17:25:42-03:00","caller":"/home/felipe/zpmeow/internal/infra/logger/logger.go:212","message":"QR code updated for session 80d01657-3864-44e0-978f-5dc2f2b5be66"}
{"level":"warn","module":"app/meow-client/80d01657-3864-44e0-978f-5dc2f2b5be66","time":"2025-09-09T17:26:02-03:00","caller":"/home/felipe/zpmeow/internal/infra/logger/logger.go:222","message":"QR code timeout for session 80d01657-3864-44e0-978f-5dc2f2b5be66"}
{"level":"info","module":"app/meow-client/80d01657-3864-44e0-978f-5dc2f2b5be66","time":"2025-09-09T17:26:03-03:00","caller":"/home/felipe/zpmeow/internal/infra/logger/logger.go:212","message":"Received kill signal for session 80d01657-3864-44e0-978f-5dc2f2b5be66"}
{"level":"info","module":"app/client-manager","time":"2025-09-09T17:26:03-03:00","caller":"/home/felipe/zpmeow/internal/infra/logger/logger.go:212","message":"Client 80d01657-3864-44e0-978f-5dc2f2b5be66 status changed to disconnected"}
{"level":"info","module":"app","time":"2025-09-09T17:27:20-03:00","caller":"/home/felipe/zpmeow/internal/infra/logger/logger.go:207","message":"Starting zpmeow server"}
{"level":"info","module":"app","time":"2025-09-09T17:27:20-03:00","caller":"/home/felipe/zpmeow/internal/infra/logger/logger.go:212","message":"Server listening on :8080"}
{"level":"fatal","module":"app","time":"2025-09-09T17:27:20-03:00","caller":"/home/felipe/zpmeow/internal/infra/logger/logger.go:242","message":"Failed to start server: listen tcp :8080: bind: address already in use"}
{"level":"info","module":"app","time":"2025-09-09T17:29:20-03:00","caller":"/home/felipe/zpmeow/internal/infra/logger/logger.go:207","message":"Starting zpmeow server"}
{"level":"info","module":"app","time":"2025-09-09T17:29:20-03:00","caller":"/home/felipe/zpmeow/internal/infra/logger/logger.go:212","message":"Server listening on :8080"}
{"level":"info","module":"app/meow-service","time":"2025-09-09T17:29:24-03:00","caller":"/home/felipe/zpmeow/internal/infra/logger/logger.go:212","message":"Starting client for session 80d01657-3864-44e0-978f-5dc2f2b5be66"}
{"level":"info","module":"app/client-manager","time":"2025-09-09T17:29:24-03:00","caller":"/home/felipe/zpmeow/internal/infra/logger/logger.go:212","message":"Created new device store for session 80d01657-3864-44e0-978f-5dc2f2b5be66"}
{"level":"info","module":"app/client-manager","time":"2025-09-09T17:29:24-03:00","caller":"/home/felipe/zpmeow/internal/infra/logger/logger.go:212","message":"Created new client for session 80d01657-3864-44e0-978f-5dc2f2b5be66"}
{"level":"info","module":"app/meow-client/80d01657-3864-44e0-978f-5dc2f2b5be66","time":"2025-09-09T17:29:24-03:00","caller":"/home/felipe/zpmeow/internal/infra/logger/logger.go:212","message":"Connecting client for session 80d01657-3864-44e0-978f-5dc2f2b5be66"}
{"level":"info","module":"app/meow-service","time":"2025-09-09T17:29:24-03:00","caller":"/home/felipe/zpmeow/internal/infra/logger/logger.go:212","message":"Client started successfully for session 80d01657-3864-44e0-978f-5dc2f2b5be66"}
{"level":"info","module":"app/http","method":"POST","path":"/sessions/80d01657-3864-44e0-978f-5dc2f2b5be66/connect","status":202,"latency":23.926508,"client_ip":"::1","timestamp":"2025-09-09T17:29:24-03:00","module":"","time":"2025-09-09T17:29:24-03:00","caller":"/home/felipe/zpmeow/internal/infra/logger/logger.go:207","message":"HTTP Request"}
{"level":"info","module":"app/client-manager","time":"2025-09-09T17:29:24-03:00","caller":"/home/felipe/zpmeow/internal/infra/logger/logger.go:212","message":"Client 80d01657-3864-44e0-978f-5dc2f2b5be66 status changed to connecting"}
{"level":"info","module":"app/meow-client/80d01657-3864-44e0-978f-5dc2f2b5be66","time":"2025-09-09T17:29:24-03:00","caller":"/home/felipe/zpmeow/internal/infra/logger/logger.go:212","message":"Starting client loop for session 80d01657-3864-44e0-978f-5dc2f2b5be66"}
{"level":"info","module":"app/meow-client/80d01657-3864-44e0-978f-5dc2f2b5be66","time":"2025-09-09T17:29:24-03:00","caller":"/home/felipe/zpmeow/internal/infra/logger/logger.go:212","message":"Device not registered for session 80d01657-3864-44e0-978f-5dc2f2b5be66, waiting for QR code"}
{"level":"info","module":"app/event-handler/80d01657-3864-44e0-978f-5dc2f2b5be66","time":"2025-09-09T17:29:25-03:00","caller":"/home/felipe/zpmeow/internal/infra/logger/logger.go:212","message":"Session 80d01657-3864-44e0-978f-5dc2f2b5be66: QR codes received (6 codes)"}
{"level":"info","module":"app/meow-client/80d01657-3864-44e0-978f-5dc2f2b5be66","time":"2025-09-09T17:29:25-03:00","caller":"/home/felipe/zpmeow/internal/infra/logger/logger.go:212","message":"QR code updated for session 80d01657-3864-44e0-978f-5dc2f2b5be66"}
{"level":"info","module":"app/meow-client/80d01657-3864-44e0-978f-5dc2f2b5be66","time":"2025-09-09T17:29:25-03:00","caller":"/home/felipe/zpmeow/internal/infra/logger/logger.go:212","message":"QR code received for session 80d01657-3864-44e0-978f-5dc2f2b5be66"}
{"level":"info","module":"app/meow-client/80d01657-3864-44e0-978f-5dc2f2b5be66","time":"2025-09-09T17:29:25-03:00","caller":"/home/felipe/zpmeow/internal/infra/logger/logger.go:212","message":"QR code updated for session 80d01657-3864-44e0-978f-5dc2f2b5be66"}
{"level":"info","module":"app/meow-client/80d01657-3864-44e0-978f-5dc2f2b5be66","time":"2025-09-09T17:30:25-03:00","caller":"/home/felipe/zpmeow/internal/infra/logger/logger.go:212","message":"QR code received for session 80d01657-3864-44e0-978f-5dc2f2b5be66"}
{"level":"info","module":"app/meow-client/80d01657-3864-44e0-978f-5dc2f2b5be66","time":"2025-09-09T17:30:25-03:00","caller":"/home/felipe/zpmeow/internal/infra/logger/logger.go:212","message":"QR code updated for session 80d01657-3864-44e0-978f-5dc2f2b5be66"}
{"level":"info","module":"app/meow-client/80d01657-3864-44e0-978f-5dc2f2b5be66","time":"2025-09-09T17:30:45-03:00","caller":"/home/felipe/zpmeow/internal/infra/logger/logger.go:212","message":"QR code received for session 80d01657-3864-44e0-978f-5dc2f2b5be66"}
{"level":"info","module":"app/meow-client/80d01657-3864-44e0-978f-5dc2f2b5be66","time":"2025-09-09T17:30:45-03:00","caller":"/home/felipe/zpmeow/internal/infra/logger/logger.go:212","message":"QR code updated for session 80d01657-3864-44e0-978f-5dc2f2b5be66"}
{"level":"info","module":"app/meow-client/80d01657-3864-44e0-978f-5dc2f2b5be66","time":"2025-09-09T17:31:05-03:00","caller":"/home/felipe/zpmeow/internal/infra/logger/logger.go:212","message":"QR code received for session 80d01657-3864-44e0-978f-5dc2f2b5be66"}
{"level":"info","module":"app/meow-client/80d01657-3864-44e0-978f-5dc2f2b5be66","time":"2025-09-09T17:31:05-03:00","caller":"/home/felipe/zpmeow/internal/infra/logger/logger.go:212","message":"QR code updated for session 80d01657-3864-44e0-978f-5dc2f2b5be66"}
{"level":"info","module":"app/meow-client/80d01657-3864-44e0-978f-5dc2f2b5be66","time":"2025-09-09T17:31:25-03:00","caller":"/home/felipe/zpmeow/internal/infra/logger/logger.go:212","message":"QR code received for session 80d01657-3864-44e0-978f-5dc2f2b5be66"}
{"level":"info","module":"app/meow-client/80d01657-3864-44e0-978f-5dc2f2b5be66","time":"2025-09-09T17:31:25-03:00","caller":"/home/felipe/zpmeow/internal/infra/logger/logger.go:212","message":"QR code updated for session 80d01657-3864-44e0-978f-5dc2f2b5be66"}
{"level":"info","module":"app/meow-client/80d01657-3864-44e0-978f-5dc2f2b5be66","time":"2025-09-09T17:31:45-03:00","caller":"/home/felipe/zpmeow/internal/infra/logger/logger.go:212","message":"QR code received for session 80d01657-3864-44e0-978f-5dc2f2b5be66"}
{"level":"info","module":"app/meow-client/80d01657-3864-44e0-978f-5dc2f2b5be66","time":"2025-09-09T17:31:45-03:00","caller":"/home/felipe/zpmeow/internal/infra/logger/logger.go:212","message":"QR code updated for session 80d01657-3864-44e0-978f-5dc2f2b5be66"}
{"level":"info","module":"app","time":"2025-09-09T17:32:03-03:00","caller":"/home/felipe/zpmeow/internal/infra/logger/logger.go:207","message":"Starting zpmeow server"}
{"level":"info","module":"app","time":"2025-09-09T17:32:03-03:00","caller":"/home/felipe/zpmeow/internal/infra/logger/logger.go:212","message":"Server listening on :8080"}
{"level":"fatal","module":"app","time":"2025-09-09T17:32:03-03:00","caller":"/home/felipe/zpmeow/internal/infra/logger/logger.go:242","message":"Failed to start server: listen tcp :8080: bind: address already in use"}
{"level":"warn","module":"app/meow-client/80d01657-3864-44e0-978f-5dc2f2b5be66","time":"2025-09-09T17:32:05-03:00","caller":"/home/felipe/zpmeow/internal/infra/logger/logger.go:222","message":"QR code timeout for session 80d01657-3864-44e0-978f-5dc2f2b5be66"}
{"level":"info","module":"app","time":"2025-09-09T17:32:20-03:00","caller":"/home/felipe/zpmeow/internal/infra/logger/logger.go:207","message":"Starting zpmeow server"}
{"level":"info","module":"app","time":"2025-09-09T17:32:20-03:00","caller":"/home/felipe/zpmeow/internal/infra/logger/logger.go:212","message":"Server listening on :8080"}
{"level":"info","module":"app/session-handler","time":"2025-09-09T17:32:33-03:00","caller":"/home/felipe/zpmeow/internal/infra/logger/logger.go:212","message":"Creating new session: Test Session"}
{"level":"info","module":"app/session-handler","time":"2025-09-09T17:32:33-03:00","caller":"/home/felipe/zpmeow/internal/infra/logger/logger.go:212","message":"Session created successfully: Test Session (ID: db5ed2a4-9bef-4c5b-a6ae-c3b9eb552ba3)"}
{"level":"info","module":"app/http","method":"POST","path":"/sessions/create","status":201,"latency":14.544181,"client_ip":"127.0.0.1","timestamp":"2025-09-09T17:32:33-03:00","module":"","time":"2025-09-09T17:32:33-03:00","caller":"/home/felipe/zpmeow/internal/infra/logger/logger.go:207","message":"HTTP Request"}
{"level":"info","module":"app/meow-service","time":"2025-09-09T17:32:38-03:00","caller":"/home/felipe/zpmeow/internal/infra/logger/logger.go:212","message":"Starting client for session db5ed2a4-9bef-4c5b-a6ae-c3b9eb552ba3"}
{"level":"info","module":"app/client-manager","time":"2025-09-09T17:32:38-03:00","caller":"/home/felipe/zpmeow/internal/infra/logger/logger.go:212","message":"Created new device store for session db5ed2a4-9bef-4c5b-a6ae-c3b9eb552ba3"}
{"level":"info","module":"app/client-manager","time":"2025-09-09T17:32:38-03:00","caller":"/home/felipe/zpmeow/internal/infra/logger/logger.go:212","message":"Created new client for session db5ed2a4-9bef-4c5b-a6ae-c3b9eb552ba3"}
{"level":"info","module":"app/meow-client/db5ed2a4-9bef-4c5b-a6ae-c3b9eb552ba3","time":"2025-09-09T17:32:38-03:00","caller":"/home/felipe/zpmeow/internal/infra/logger/logger.go:212","message":"Connecting client for session db5ed2a4-9bef-4c5b-a6ae-c3b9eb552ba3"}
{"level":"info","module":"app/meow-service","time":"2025-09-09T17:32:38-03:00","caller":"/home/felipe/zpmeow/internal/infra/logger/logger.go:212","message":"Client started successfully for session db5ed2a4-9bef-4c5b-a6ae-c3b9eb552ba3"}
{"level":"info","module":"app/http","method":"POST","path":"/sessions/db5ed2a4-9bef-4c5b-a6ae-c3b9eb552ba3/connect","status":202,"latency":21.777894,"client_ip":"127.0.0.1","timestamp":"2025-09-09T17:32:38-03:00","module":"","time":"2025-09-09T17:32:38-03:00","caller":"/home/felipe/zpmeow/internal/infra/logger/logger.go:207","message":"HTTP Request"}
{"level":"info","module":"app/client-manager","time":"2025-09-09T17:32:38-03:00","caller":"/home/felipe/zpmeow/internal/infra/logger/logger.go:212","message":"Client db5ed2a4-9bef-4c5b-a6ae-c3b9eb552ba3 status changed to connecting"}
{"level":"info","module":"app/meow-client/db5ed2a4-9bef-4c5b-a6ae-c3b9eb552ba3","time":"2025-09-09T17:32:38-03:00","caller":"/home/felipe/zpmeow/internal/infra/logger/logger.go:212","message":"Starting client loop for session db5ed2a4-9bef-4c5b-a6ae-c3b9eb552ba3"}
{"level":"info","module":"app/meow-client/db5ed2a4-9bef-4c5b-a6ae-c3b9eb552ba3","time":"2025-09-09T17:32:38-03:00","caller":"/home/felipe/zpmeow/internal/infra/logger/logger.go:212","message":"Device not registered for session db5ed2a4-9bef-4c5b-a6ae-c3b9eb552ba3, waiting for QR code"}
{"level":"info","module":"app/event-handler/db5ed2a4-9bef-4c5b-a6ae-c3b9eb552ba3","time":"2025-09-09T17:32:38-03:00","caller":"/home/felipe/zpmeow/internal/infra/logger/logger.go:212","message":"Session db5ed2a4-9bef-4c5b-a6ae-c3b9eb552ba3: QR codes received (6 codes)"}
{"level":"info","module":"app/meow-client/db5ed2a4-9bef-4c5b-a6ae-c3b9eb552ba3","time":"2025-09-09T17:32:38-03:00","caller":"/home/felipe/zpmeow/internal/infra/logger/logger.go:212","message":"QR code received for session db5ed2a4-9bef-4c5b-a6ae-c3b9eb552ba3"}
{"level":"info","module":"app/meow-client/db5ed2a4-9bef-4c5b-a6ae-c3b9eb552ba3","time":"2025-09-09T17:32:38-03:00","caller":"/home/felipe/zpmeow/internal/infra/logger/logger.go:212","message":"QR code updated for session db5ed2a4-9bef-4c5b-a6ae-c3b9eb552ba3"}
{"level":"info","module":"app/meow-service","time":"2025-09-09T17:33:10-03:00","caller":"/home/felipe/zpmeow/internal/infra/logger/logger.go:212","message":"Stopping client for session db5ed2a4-9bef-4c5b-a6ae-c3b9eb552ba3"}
{"level":"info","module":"app/meow-client/db5ed2a4-9bef-4c5b-a6ae-c3b9eb552ba3","time":"2025-09-09T17:33:10-03:00","caller":"/home/felipe/zpmeow/internal/infra/logger/logger.go:212","message":"Disconnecting client for session db5ed2a4-9bef-4c5b-a6ae-c3b9eb552ba3"}
{"level":"info","module":"app/meow-service","time":"2025-09-09T17:33:10-03:00","caller":"/home/felipe/zpmeow/internal/infra/logger/logger.go:212","message":"Client stopped successfully for session db5ed2a4-9bef-4c5b-a6ae-c3b9eb552ba3"}
{"level":"info","module":"app/client-manager","time":"2025-09-09T17:33:10-03:00","caller":"/home/felipe/zpmeow/internal/infra/logger/logger.go:212","message":"Client db5ed2a4-9bef-4c5b-a6ae-c3b9eb552ba3 status changed to disconnected"}
{"level":"info","module":"app/http","method":"DELETE","path":"/sessions/db5ed2a4-9bef-4c5b-a6ae-c3b9eb552ba3/delete","status":204,"latency":22.477591,"client_ip":"127.0.0.1","timestamp":"2025-09-09T17:33:10-03:00","module":"","time":"2025-09-09T17:33:10-03:00","caller":"/home/felipe/zpmeow/internal/infra/logger/logger.go:207","message":"HTTP Request"}
{"level":"info","module":"app/meow-client/db5ed2a4-9bef-4c5b-a6ae-c3b9eb552ba3","time":"2025-09-09T17:33:10-03:00","caller":"/home/felipe/zpmeow/internal/infra/logger/logger.go:212","message":"Received kill signal for session db5ed2a4-9bef-4c5b-a6ae-c3b9eb552ba3"}
{"level":"info","module":"app/client-manager","time":"2025-09-09T17:33:10-03:00","caller":"/home/felipe/zpmeow/internal/infra/logger/logger.go:212","message":"Client db5ed2a4-9bef-4c5b-a6ae-c3b9eb552ba3 status changed to disconnected"}
{"level":"info","module":"app","time":"2025-09-09T17:33:29-03:00","caller":"/home/felipe/zpmeow/internal/infra/logger/logger.go:207","message":"Starting zpmeow server"}
{"level":"info","module":"app","time":"2025-09-09T17:33:29-03:00","caller":"/home/felipe/zpmeow/internal/infra/logger/logger.go:212","message":"Server listening on :8080"}
{"level":"info","module":"app/meow-service","time":"2025-09-09T17:33:33-03:00","caller":"/home/felipe/zpmeow/internal/infra/logger/logger.go:212","message":"Starting client for session 80d01657-3864-44e0-978f-5dc2f2b5be66"}
{"level":"info","module":"app/client-manager","time":"2025-09-09T17:33:33-03:00","caller":"/home/felipe/zpmeow/internal/infra/logger/logger.go:212","message":"Created new device store for session 80d01657-3864-44e0-978f-5dc2f2b5be66"}
{"level":"info","module":"app/client-manager","time":"2025-09-09T17:33:33-03:00","caller":"/home/felipe/zpmeow/internal/infra/logger/logger.go:212","message":"Created new client for session 80d01657-3864-44e0-978f-5dc2f2b5be66"}
{"level":"info","module":"app/client-manager","time":"2025-09-09T17:33:33-03:00","caller":"/home/felipe/zpmeow/internal/infra/logger/logger.go:212","message":"Client 80d01657-3864-44e0-978f-5dc2f2b5be66 status changed to connecting"}
{"level":"info","module":"app/meow-client/80d01657-3864-44e0-978f-5dc2f2b5be66","time":"2025-09-09T17:33:33-03:00","caller":"/home/felipe/zpmeow/internal/infra/logger/logger.go:212","message":"Connecting client for session 80d01657-3864-44e0-978f-5dc2f2b5be66"}
{"level":"info","module":"app/meow-service","time":"2025-09-09T17:33:33-03:00","caller":"/home/felipe/zpmeow/internal/infra/logger/logger.go:212","message":"Client started successfully for session 80d01657-3864-44e0-978f-5dc2f2b5be66"}
{"level":"info","module":"app/meow-client/80d01657-3864-44e0-978f-5dc2f2b5be66","time":"2025-09-09T17:33:33-03:00","caller":"/home/felipe/zpmeow/internal/infra/logger/logger.go:212","message":"Starting client loop for session 80d01657-3864-44e0-978f-5dc2f2b5be66"}
{"level":"info","module":"app/meow-client/80d01657-3864-44e0-978f-5dc2f2b5be66","time":"2025-09-09T17:33:33-03:00","caller":"/home/felipe/zpmeow/internal/infra/logger/logger.go:212","message":"Device not registered for session 80d01657-3864-44e0-978f-5dc2f2b5be66, waiting for QR code"}
{"level":"info","module":"app/http","method":"POST","path":"/sessions/80d01657-3864-44e0-978f-5dc2f2b5be66/connect","status":202,"latency":50.288241,"client_ip":"::1","timestamp":"2025-09-09T17:33:33-03:00","module":"","time":"2025-09-09T17:33:33-03:00","caller":"/home/felipe/zpmeow/internal/infra/logger/logger.go:207","message":"HTTP Request"}
{"level":"info","module":"app/event-handler/80d01657-3864-44e0-978f-5dc2f2b5be66","time":"2025-09-09T17:33:34-03:00","caller":"/home/felipe/zpmeow/internal/infra/logger/logger.go:212","message":"Session 80d01657-3864-44e0-978f-5dc2f2b5be66: QR codes received (6 codes)"}
{"level":"info","module":"app/meow-client/80d01657-3864-44e0-978f-5dc2f2b5be66","time":"2025-09-09T17:33:34-03:00","caller":"/home/felipe/zpmeow/internal/infra/logger/logger.go:212","message":"QR code received for session 80d01657-3864-44e0-978f-5dc2f2b5be66"}
{"level":"info","module":"app/meow-client/80d01657-3864-44e0-978f-5dc2f2b5be66","time":"2025-09-09T17:33:34-03:00","caller":"/home/felipe/zpmeow/internal/infra/logger/logger.go:212","message":"QR code updated for session 80d01657-3864-44e0-978f-5dc2f2b5be66"}
{"level":"info","module":"app/meow-client/80d01657-3864-44e0-978f-5dc2f2b5be66","time":"2025-09-09T17:34:34-03:00","caller":"/home/felipe/zpmeow/internal/infra/logger/logger.go:212","message":"QR code received for session 80d01657-3864-44e0-978f-5dc2f2b5be66"}
{"level":"info","module":"app/meow-client/80d01657-3864-44e0-978f-5dc2f2b5be66","time":"2025-09-09T17:34:34-03:00","caller":"/home/felipe/zpmeow/internal/infra/logger/logger.go:212","message":"QR code updated for session 80d01657-3864-44e0-978f-5dc2f2b5be66"}
{"level":"info","module":"app/meow-client/80d01657-3864-44e0-978f-5dc2f2b5be66","time":"2025-09-09T17:34:54-03:00","caller":"/home/felipe/zpmeow/internal/infra/logger/logger.go:212","message":"QR code received for session 80d01657-3864-44e0-978f-5dc2f2b5be66"}
{"level":"info","module":"app/meow-client/80d01657-3864-44e0-978f-5dc2f2b5be66","time":"2025-09-09T17:34:54-03:00","caller":"/home/felipe/zpmeow/internal/infra/logger/logger.go:212","message":"QR code updated for session 80d01657-3864-44e0-978f-5dc2f2b5be66"}
{"level":"info","module":"app/meow-client/80d01657-3864-44e0-978f-5dc2f2b5be66","time":"2025-09-09T17:35:14-03:00","caller":"/home/felipe/zpmeow/internal/infra/logger/logger.go:212","message":"QR code received for session 80d01657-3864-44e0-978f-5dc2f2b5be66"}
{"level":"info","module":"app/meow-client/80d01657-3864-44e0-978f-5dc2f2b5be66","time":"2025-09-09T17:35:14-03:00","caller":"/home/felipe/zpmeow/internal/infra/logger/logger.go:212","message":"QR code updated for session 80d01657-3864-44e0-978f-5dc2f2b5be66"}
{"level":"info","module":"app/meow-client/80d01657-3864-44e0-978f-5dc2f2b5be66","time":"2025-09-09T17:35:34-03:00","caller":"/home/felipe/zpmeow/internal/infra/logger/logger.go:212","message":"QR code received for session 80d01657-3864-44e0-978f-5dc2f2b5be66"}
{"level":"info","module":"app/meow-client/80d01657-3864-44e0-978f-5dc2f2b5be66","time":"2025-09-09T17:35:34-03:00","caller":"/home/felipe/zpmeow/internal/infra/logger/logger.go:212","message":"QR code updated for session 80d01657-3864-44e0-978f-5dc2f2b5be66"}
{"level":"info","module":"app/meow-client/80d01657-3864-44e0-978f-5dc2f2b5be66","time":"2025-09-09T17:35:54-03:00","caller":"/home/felipe/zpmeow/internal/infra/logger/logger.go:212","message":"QR code received for session 80d01657-3864-44e0-978f-5dc2f2b5be66"}
{"level":"info","module":"app/meow-client/80d01657-3864-44e0-978f-5dc2f2b5be66","time":"2025-09-09T17:35:54-03:00","caller":"/home/felipe/zpmeow/internal/infra/logger/logger.go:212","message":"QR code updated for session 80d01657-3864-44e0-978f-5dc2f2b5be66"}
{"level":"warn","module":"app/meow-client/80d01657-3864-44e0-978f-5dc2f2b5be66","time":"2025-09-09T17:36:14-03:00","caller":"/home/felipe/zpmeow/internal/infra/logger/logger.go:222","message":"QR code timeout for session 80d01657-3864-44e0-978f-5dc2f2b5be66"}
{"level":"info","module":"app","time":"2025-09-09T17:39:05-03:00","caller":"/home/felipe/zpmeow/internal/infra/logger/logger.go:207","message":"Starting zpmeow server"}
{"level":"fatal","module":"app","time":"2025-09-09T17:39:06-03:00","caller":"/home/felipe/zpmeow/internal/infra/logger/logger.go:242","message":"Failed to run migrations: failed to run migrations: migration failed: column \"device_jid\" does not exist in line 0: ALTER TABLE sessions RENAME COLUMN device_jid TO whatsapp_jid;\n (details: pq: column \"device_jid\" does not exist)"}
{"level":"info","module":"app","time":"2025-09-09T17:39:44-03:00","caller":"/home/felipe/zpmeow/internal/infra/logger/logger.go:207","message":"Starting zpmeow server"}
{"level":"fatal","module":"app","time":"2025-09-09T17:39:45-03:00","caller":"/home/felipe/zpmeow/internal/infra/logger/logger.go:242","message":"Failed to run migrations: failed to run migrations: Dirty database version 2. Fix and force version."}
{"level":"info","module":"app","time":"2025-09-09T17:40:21-03:00","caller":"/home/felipe/zpmeow/internal/infra/logger/logger.go:207","message":"Starting zpmeow server"}
{"level":"info","module":"app/meow-service","time":"2025-09-09T17:40:21-03:00","caller":"/home/felipe/zpmeow/internal/infra/logger/logger.go:212","message":"Starting automatic reconnection for previously connected sessions..."}
{"level":"info","module":"app/meow-service","time":"2025-09-09T17:40:21-03:00","caller":"/home/felipe/zpmeow/internal/infra/logger/logger.go:212","message":"Automatic reconnection completed. Attempted to reconnect 0 sessions"}
{"level":"info","module":"app","time":"2025-09-09T17:40:21-03:00","caller":"/home/felipe/zpmeow/internal/infra/logger/logger.go:212","message":"Server listening on :8080"}
{"level":"info","module":"app/session-handler","time":"2025-09-09T17:40:41-03:00","caller":"/home/felipe/zpmeow/internal/infra/logger/logger.go:212","message":"Creating new session: Test ConnectOnStartup"}
{"level":"info","module":"app/session-handler","time":"2025-09-09T17:40:41-03:00","caller":"/home/felipe/zpmeow/internal/infra/logger/logger.go:212","message":"Session created successfully: Test ConnectOnStartup (ID: 104219a5-79a8-4b38-9605-ff0aa82156e2)"}
{"level":"info","module":"app/http","method":"POST","path":"/sessions/create","status":201,"latency":17.748064,"client_ip":"127.0.0.1","timestamp":"2025-09-09T17:40:41-03:00","module":"","time":"2025-09-09T17:40:41-03:00","caller":"/home/felipe/zpmeow/internal/infra/logger/logger.go:207","message":"HTTP Request"}
{"level":"info","module":"app/meow-service","time":"2025-09-09T17:40:46-03:00","caller":"/home/felipe/zpmeow/internal/infra/logger/logger.go:212","message":"Starting client for session 104219a5-79a8-4b38-9605-ff0aa82156e2"}
{"level":"info","module":"app/client-manager","time":"2025-09-09T17:40:46-03:00","caller":"/home/felipe/zpmeow/internal/infra/logger/logger.go:212","message":"Created new device store for session 104219a5-79a8-4b38-9605-ff0aa82156e2"}
{"level":"info","module":"app/client-manager","time":"2025-09-09T17:40:46-03:00","caller":"/home/felipe/zpmeow/internal/infra/logger/logger.go:212","message":"Created new client for session 104219a5-79a8-4b38-9605-ff0aa82156e2"}
{"level":"info","module":"app/meow-client/104219a5-79a8-4b38-9605-ff0aa82156e2","time":"2025-09-09T17:40:46-03:00","caller":"/home/felipe/zpmeow/internal/infra/logger/logger.go:212","message":"Connecting client for session 104219a5-79a8-4b38-9605-ff0aa82156e2"}
{"level":"info","module":"app/meow-service","time":"2025-09-09T17:40:46-03:00","caller":"/home/felipe/zpmeow/internal/infra/logger/logger.go:212","message":"Client started successfully for session 104219a5-79a8-4b38-9605-ff0aa82156e2"}
{"level":"info","module":"app/http","method":"POST","path":"/sessions/104219a5-79a8-4b38-9605-ff0aa82156e2/connect","status":202,"latency":17.88994,"client_ip":"127.0.0.1","timestamp":"2025-09-09T17:40:46-03:00","module":"","time":"2025-09-09T17:40:46-03:00","caller":"/home/felipe/zpmeow/internal/infra/logger/logger.go:207","message":"HTTP Request"}
{"level":"info","module":"app/client-manager","time":"2025-09-09T17:40:46-03:00","caller":"/home/felipe/zpmeow/internal/infra/logger/logger.go:212","message":"Client 104219a5-79a8-4b38-9605-ff0aa82156e2 status changed to connecting"}
{"level":"info","module":"app/meow-client/104219a5-79a8-4b38-9605-ff0aa82156e2","time":"2025-09-09T17:40:46-03:00","caller":"/home/felipe/zpmeow/internal/infra/logger/logger.go:212","message":"Starting client loop for session 104219a5-79a8-4b38-9605-ff0aa82156e2"}
{"level":"info","module":"app/meow-client/104219a5-79a8-4b38-9605-ff0aa82156e2","time":"2025-09-09T17:40:46-03:00","caller":"/home/felipe/zpmeow/internal/infra/logger/logger.go:212","message":"Device not registered for session 104219a5-79a8-4b38-9605-ff0aa82156e2, waiting for QR code"}
{"level":"info","module":"app/event-handler/104219a5-79a8-4b38-9605-ff0aa82156e2","time":"2025-09-09T17:40:46-03:00","caller":"/home/felipe/zpmeow/internal/infra/logger/logger.go:212","message":"Session 104219a5-79a8-4b38-9605-ff0aa82156e2: QR codes received (6 codes)"}
{"level":"info","module":"app/meow-client/104219a5-79a8-4b38-9605-ff0aa82156e2","time":"2025-09-09T17:40:46-03:00","caller":"/home/felipe/zpmeow/internal/infra/logger/logger.go:212","message":"QR code received for session 104219a5-79a8-4b38-9605-ff0aa82156e2"}
{"level":"info","module":"app/meow-client/104219a5-79a8-4b38-9605-ff0aa82156e2","time":"2025-09-09T17:40:46-03:00","caller":"/home/felipe/zpmeow/internal/infra/logger/logger.go:212","message":"QR code updated for session 104219a5-79a8-4b38-9605-ff0aa82156e2"}
{"level":"info","module":"app/http","method":"GET","path":"/sessions/104219a5-79a8-4b38-9605-ff0aa82156e2/info","status":200,"latency":2.471745,"client_ip":"127.0.0.1","timestamp":"2025-09-09T17:40:50-03:00","module":"","time":"2025-09-09T17:40:50-03:00","caller":"/home/felipe/zpmeow/internal/infra/logger/logger.go:207","message":"HTTP Request"}
{"level":"info","module":"app/meow-service","time":"2025-09-09T17:41:05-03:00","caller":"/home/felipe/zpmeow/internal/infra/logger/logger.go:212","message":"Stopping client for session 104219a5-79a8-4b38-9605-ff0aa82156e2"}
{"level":"info","module":"app/meow-client/104219a5-79a8-4b38-9605-ff0aa82156e2","time":"2025-09-09T17:41:05-03:00","caller":"/home/felipe/zpmeow/internal/infra/logger/logger.go:212","message":"Disconnecting client for session 104219a5-79a8-4b38-9605-ff0aa82156e2"}
{"level":"info","module":"app/meow-service","time":"2025-09-09T17:41:05-03:00","caller":"/home/felipe/zpmeow/internal/infra/logger/logger.go:212","message":"Client stopped successfully for session 104219a5-79a8-4b38-9605-ff0aa82156e2"}
{"level":"info","module":"app/client-manager","time":"2025-09-09T17:41:05-03:00","caller":"/home/felipe/zpmeow/internal/infra/logger/logger.go:212","message":"Client 104219a5-79a8-4b38-9605-ff0aa82156e2 status changed to disconnected"}
{"level":"info","module":"app/http","method":"POST","path":"/sessions/104219a5-79a8-4b38-9605-ff0aa82156e2/logout","status":200,"latency":9.36554,"client_ip":"127.0.0.1","timestamp":"2025-09-09T17:41:05-03:00","module":"","time":"2025-09-09T17:41:05-03:00","caller":"/home/felipe/zpmeow/internal/infra/logger/logger.go:207","message":"HTTP Request"}
{"level":"info","module":"app/meow-client/104219a5-79a8-4b38-9605-ff0aa82156e2","time":"2025-09-09T17:41:05-03:00","caller":"/home/felipe/zpmeow/internal/infra/logger/logger.go:212","message":"Received kill signal for session 104219a5-79a8-4b38-9605-ff0aa82156e2"}
{"level":"info","module":"app/client-manager","time":"2025-09-09T17:41:05-03:00","caller":"/home/felipe/zpmeow/internal/infra/logger/logger.go:212","message":"Client 104219a5-79a8-4b38-9605-ff0aa82156e2 status changed to disconnected"}
{"level":"info","module":"app","time":"2025-09-09T17:41:41-03:00","caller":"/home/felipe/zpmeow/internal/infra/logger/logger.go:207","message":"Starting zpmeow server"}
{"level":"info","module":"app/meow-service","time":"2025-09-09T17:41:41-03:00","caller":"/home/felipe/zpmeow/internal/infra/logger/logger.go:212","message":"Starting automatic reconnection for previously connected sessions..."}
{"level":"error","module":"app/meow-service","time":"2025-09-09T17:41:41-03:00","caller":"/home/felipe/zpmeow/internal/infra/logger/logger.go:232","message":"Failed to scan session row: sql: Scan error on column index 4, name \"proxy_url\": converting NULL to string is unsupported"}
{"level":"info","module":"app/meow-service","time":"2025-09-09T17:41:41-03:00","caller":"/home/felipe/zpmeow/internal/infra/logger/logger.go:212","message":"Automatic reconnection completed. Attempted to reconnect 0 sessions"}
{"level":"info","module":"app","time":"2025-09-09T17:41:41-03:00","caller":"/home/felipe/zpmeow/internal/infra/logger/logger.go:212","message":"Server listening on :8080"}
{"level":"info","module":"app","time":"2025-09-09T17:42:23-03:00","caller":"/home/felipe/zpmeow/internal/infra/logger/logger.go:207","message":"Starting zpmeow server"}
{"level":"info","module":"app/meow-service","time":"2025-09-09T17:42:23-03:00","caller":"/home/felipe/zpmeow/internal/infra/logger/logger.go:212","message":"Starting automatic reconnection for previously connected sessions..."}
{"level":"info","module":"app/meow-service","time":"2025-09-09T17:42:23-03:00","caller":"/home/felipe/zpmeow/internal/infra/logger/logger.go:212","message":"Attempting to reconnect session test-connected-session-123 (name: Test Connected Session, whatsapp_jid: 5511999999999@s.whatsapp.net)"}
{"level":"warn","module":"app/meow-service","time":"2025-09-09T17:42:23-03:00","caller":"/home/felipe/zpmeow/internal/infra/logger/logger.go:222","message":"No device credentials found for session test-connected-session-123, skipping reconnection"}
{"level":"info","module":"app/meow-service","time":"2025-09-09T17:42:23-03:00","caller":"/home/felipe/zpmeow/internal/infra/logger/logger.go:212","message":"Automatic reconnection completed. Attempted to reconnect 0 sessions"}
{"level":"info","module":"app","time":"2025-09-09T17:42:23-03:00","caller":"/home/felipe/zpmeow/internal/infra/logger/logger.go:212","message":"Server listening on :8080"}
{"level":"info","module":"app/http","method":"CONNECT","path":"","status":404,"latency":0.001223,"client_ip":"176.65.148.92","timestamp":"2025-09-09T17:42:42-03:00","module":"","time":"2025-09-09T17:42:42-03:00","caller":"/home/felipe/zpmeow/internal/infra/logger/logger.go:207","message":"HTTP Request"}
{"level":"info","module":"app","time":"2025-09-09T17:45:38-03:00","caller":"/home/felipe/zpmeow/internal/infra/logger/logger.go:207","message":"Starting zpmeow server"}
{"level":"info","module":"app/meow-service","time":"2025-09-09T17:45:38-03:00","caller":"/home/felipe/zpmeow/internal/infra/logger/logger.go:212","message":"Starting automatic reconnection for previously connected sessions..."}
{"level":"info","module":"app/meow-service","time":"2025-09-09T17:45:38-03:00","caller":"/home/felipe/zpmeow/internal/infra/logger/logger.go:212","message":"Attempting to reconnect session test-connected-session-123 (name: Test Connected Session, device_jid: 5511999999999@s.whatsapp.net)"}
{"level":"warn","module":"app/meow-service","time":"2025-09-09T17:45:38-03:00","caller":"/home/felipe/zpmeow/internal/infra/logger/logger.go:222","message":"No device credentials found for session test-connected-session-123, skipping reconnection"}
{"level":"info","module":"app/meow-service","time":"2025-09-09T17:45:38-03:00","caller":"/home/felipe/zpmeow/internal/infra/logger/logger.go:212","message":"Automatic reconnection completed. Attempted to reconnect 0 sessions"}
{"level":"info","module":"app","time":"2025-09-09T17:45:38-03:00","caller":"/home/felipe/zpmeow/internal/infra/logger/logger.go:212","message":"Server listening on :8080"}
